timestamp: 2016-01-10T11:13:13.760000
CREATE TABLE auth_user(
    id INTEGER PRIMARY KEY AUTOINCREMENT,
    first_name CHAR(128),
    last_name CHAR(128),
    email CHAR(512),
    password CHAR(512),
    registration_key CHAR(512),
    reset_password_key CHAR(512),
    registration_id CHAR(512)
);
success!
timestamp: 2016-01-10T11:13:13.995000
CREATE TABLE auth_group(
    id INTEGER PRIMARY KEY AUTOINCREMENT,
    role CHAR(512),
    description TEXT
);
success!
timestamp: 2016-01-10T11:13:14.125000
CREATE TABLE auth_membership(
    id INTEGER PRIMARY KEY AUTOINCREMENT,
    user_id INTEGER REFERENCES auth_user (id) ON DELETE CASCADE  ,
    group_id INTEGER REFERENCES auth_group (id) ON DELETE CASCADE  
);
success!
timestamp: 2016-01-10T11:13:14.242000
CREATE TABLE auth_permission(
    id INTEGER PRIMARY KEY AUTOINCREMENT,
    group_id INTEGER REFERENCES auth_group (id) ON DELETE CASCADE  ,
    name CHAR(512),
    table_name CHAR(512),
    record_id INTEGER
);
success!
timestamp: 2016-01-10T11:13:14.359000
CREATE TABLE auth_event(
    id INTEGER PRIMARY KEY AUTOINCREMENT,
    time_stamp TIMESTAMP,
    client_ip CHAR(512),
    user_id INTEGER REFERENCES auth_user (id) ON DELETE CASCADE  ,
    origin CHAR(512),
    description TEXT
);
success!
timestamp: 2016-01-10T11:13:14.503000
CREATE TABLE auth_cas(
    id INTEGER PRIMARY KEY AUTOINCREMENT,
    user_id INTEGER REFERENCES auth_user (id) ON DELETE CASCADE  ,
    created_on TIMESTAMP,
    service CHAR(512),
    ticket CHAR(512),
    renew CHAR(1)
);
success!
timestamp: 2016-01-10T15:58:17.501000
CREATE TABLE user_info(
    id INTEGER PRIMARY KEY AUTOINCREMENT,
    name CHAR(512),
    birth_date CHAR(512),
    shipping_address CHAR(512),
    email CHAR(512)
);
success!
timestamp: 2016-01-14T10:52:26.460000
CREATE TABLE posts(
    id INTEGER PRIMARY KEY AUTOINCREMENT,
    title CHAR(512),
    author CHAR(512),
    interests CHAR(512),
    offers CHAR(512),
    time_stamp CHAR(512)
);
success!
success!
timestamp: 2016-01-14T16:34:34.041000
ALTER TABLE posts ADD picture CHAR(512);
success!
timestamp: 2016-01-14T17:08:45.389000
ALTER TABLE posts ADD picture_file BLOB;
success!
timestamp: 2016-01-14T17:22:12.554000
ALTER TABLE posts ADD image CHAR(512);
success!
success!
success!
success!
success!
success!
success!
success!
success!
success!
success!
success!
success!
success!
success!
success!
success!
success!
success!
success!
success!
success!
success!
success!
success!
success!
success!
success!
success!
success!
success!
success!
success!
success!
success!
success!
success!
success!
success!
success!
success!
success!
success!
success!
success!
success!
success!
success!
success!
success!
success!
success!
success!
success!
success!
success!
success!
success!
success!
success!
success!
success!
success!
success!
success!
success!
success!
success!
success!
success!
success!
success!
success!
success!
success!
