[2016-01-10 11:09:49] START
[2016-01-10 11:19:47] EDIT Trading_App/views/default/index.html: -43
[2016-01-10 12:54:31] EDIT Trading_App/views/default/index.html: -4
[2016-01-10 12:55:08] EDIT Trading_App/views/default/index.html: 0
[2016-01-10 13:02:00] EDIT Trading_App/controllers/default.py: -1
[2016-01-10 13:02:26] EDIT Trading_App/controllers/default.py: 0
[2016-01-10 13:02:32] EDIT Trading_App/controllers/default.py: 0
[2016-01-10 13:06:48] EDIT Trading_App/controllers/default.py: 0
[2016-01-10 13:42:30] EDIT Trading_App/controllers/default.py: 0
[2016-01-10 13:44:41] EDIT Trading_App/controllers/default.py: 1
[2016-01-10 13:45:00] EDIT Trading_App/controllers/default.py: 0
[2016-01-10 13:45:26] EDIT Trading_App/controllers/default.py: 0
[2016-01-10 13:46:12] EDIT Trading_App/controllers/default.py: 0
[2016-01-10 13:46:54] EDIT Trading_App/controllers/default.py: 0
[2016-01-10 13:47:08] EDIT Trading_App/controllers/default.py: 0
[2016-01-10 13:49:22] EDIT Trading_App/controllers/default.py: 0
[2016-01-10 13:49:54] EDIT Trading_App/controllers/default.py: -1
[2016-01-10 13:50:25] EDIT Trading_App/controllers/default.py: 0
[2016-01-10 13:51:40] EDIT Trading_App/controllers/default.py: 0
[2016-01-10 13:52:06] EDIT Trading_App/controllers/default.py: 1
[2016-01-10 13:52:38] EDIT Trading_App/views/default/index.html: 1
[2016-01-10 13:52:58] EDIT Trading_App/controllers/default.py: 0
[2016-01-10 13:53:50] EDIT Trading_App/controllers/default.py: -1
[2016-01-10 13:53:56] EDIT Trading_App/views/default/index.html: -1
[2016-01-10 13:54:36] EDIT Trading_App/controllers/default.py: 0
[2016-01-10 13:55:02] EDIT Trading_App/controllers/default.py: 0
[2016-01-10 13:55:48] EDIT Trading_App/controllers/default.py: 0
[2016-01-10 15:40:06] EDIT Trading_App/models/menu.py: 0
[2016-01-10 15:53:33] CREATE db1.py: 0
[2016-01-10 15:58:06] EDIT Trading_App/models/db1.py: 1
[2016-01-10 20:35:25] EDIT Trading_App/controllers/default.py: 1
[2016-01-12 19:03:50] EDIT Trading_App/controllers/default.py: 0
[2016-01-12 19:04:09] EDIT Trading_App/controllers/default.py: 0
[2016-01-12 20:19:07] EDIT Trading_App/views/default/index.html: 16
[2016-01-12 20:22:59] EDIT Trading_App/views/default/index.html: 2
[2016-01-12 20:23:54] EDIT Trading_App/views/default/index.html: 3
[2016-01-12 20:25:39] EDIT Trading_App/views/default/index.html: 2
[2016-01-12 20:27:58] EDIT Trading_App/views/default/index.html: 1
[2016-01-12 20:32:43] EDIT Trading_App/views/default/index.html: 1
[2016-01-12 20:35:43] EDIT Trading_App/views/default/index.html: 0
[2016-01-12 20:48:48] EDIT Trading_App/views/default/index.html: 1
[2016-01-12 20:49:17] EDIT Trading_App/views/default/index.html: 0
[2016-01-12 20:49:26] EDIT Trading_App/views/default/index.html: 0
[2016-01-12 20:51:10] EDIT Trading_App/views/default/index.html: 0
[2016-01-12 20:51:24] EDIT Trading_App/views/default/index.html: 0
[2016-01-12 20:53:32] EDIT Trading_App/views/default/index.html: 3
[2016-01-12 20:56:26] EDIT Trading_App/views/default/index.html: 0
[2016-01-12 21:06:01] EDIT Trading_App/views/default/index.html: -2
[2016-01-12 21:11:03] EDIT Trading_App/views/default/index.html: 0
[2016-01-12 21:23:43] EDIT Trading_App/views/default/index.html: 2
[2016-01-12 21:23:58] EDIT Trading_App/views/default/index.html: -1
[2016-01-14 10:50:29] EDIT Trading_App/views/default/index.html: -13
[2016-01-14 10:52:06] EDIT Trading_App/models/db1.py: 1
[2016-01-14 10:57:20] EDIT Trading_App/views/default/index.html: 0
[2016-01-14 10:59:24] EDIT Trading_App/controllers/default.py: 3
[2016-01-14 11:00:55] EDIT Trading_App/controllers/default.py: 1
[2016-01-14 11:01:14] CREATE default/show.html: 0
[2016-01-14 11:04:25] EDIT Trading_App/views/default/show.html: 4
[2016-01-14 11:05:52] EDIT Trading_App/controllers/default.py: 2
[2016-01-14 11:06:29] CREATE default/create.html: 0
[2016-01-14 11:07:38] EDIT Trading_App/views/default/create.html: 0
[2016-01-14 11:16:28] EDIT Trading_App/controllers/default.py: 1
[2016-01-14 11:21:00] EDIT Trading_App/models/menu.py: 2
[2016-01-14 11:21:09] EDIT Trading_App/models/menu.py: 0
[2016-01-14 11:21:59] EDIT Trading_App/models/menu.py: 0
[2016-01-14 11:22:23] EDIT Trading_App/controllers/default.py: -1
[2016-01-14 11:24:12] EDIT Trading_App/controllers/default.py: 0
[2016-01-14 11:29:21] EDIT Trading_App/models/db1.py: 5
[2016-01-14 11:31:34] EDIT Trading_App/controllers/default.py: 1
[2016-01-14 11:33:25] EDIT Trading_App/controllers/default.py: 3
[2016-01-14 11:36:34] EDIT Trading_App/models/db1.py: 0
[2016-01-14 11:36:53] EDIT Trading_App/models/db1.py: 0
[2016-01-14 11:45:57] EDIT Trading_App/views/default/index.html: 0
[2016-01-14 11:52:14] EDIT Trading_App/views/default/index.html: 0
[2016-01-14 11:53:47] EDIT Trading_App/views/default/index.html: 0
[2016-01-14 11:55:31] EDIT Trading_App/views/default/index.html: 0
[2016-01-14 11:56:01] EDIT Trading_App/views/default/index.html: 0
[2016-01-14 11:57:57] EDIT Trading_App/views/default/show.html: 8
[2016-01-14 11:58:58] EDIT Trading_App/views/default/show.html: 2
[2016-01-14 12:02:55] EDIT Trading_App/controllers/default.py: 3
[2016-01-14 12:05:06] EDIT Trading_App/controllers/default.py: 1
[2016-01-14 12:07:41] EDIT Trading_App/models/menu.py: 1
[2016-01-14 12:09:36] EDIT Trading_App/controllers/default.py: 0
[2016-01-14 12:10:36] EDIT Trading_App/controllers/default.py: -1
[2016-01-14 16:22:48] EDIT Trading_App/controllers/default.py: 3
[2016-01-14 16:23:21] EDIT Trading_App/models/menu.py: 0
[2016-01-14 16:24:45] CREATE default/login.html: 0
[2016-01-14 16:25:08] EDIT Trading_App/views/default/login.html: 0
[2016-01-14 16:26:13] EDIT Trading_App/controllers/default.py: 0
[2016-01-14 16:27:30] EDIT Trading_App/controllers/default.py: 0
[2016-01-14 16:34:04] EDIT Trading_App/models/db1.py: 1
[2016-01-14 16:34:17] EDIT Trading_App/models/db1.py: 0
[2016-01-14 16:35:39] EDIT Trading_App/views/default/index.html: 1
[2016-01-14 16:44:09] EDIT Trading_App/models/db1.py: 0
[2016-01-14 16:50:12] EDIT Trading_App/views/default/index.html: 0
[2016-01-14 16:58:46] EDIT Trading_App/views/default/index.html: 0
[2016-01-14 17:03:56] EDIT Trading_App/views/default/index.html: 0
[2016-01-14 17:08:20] EDIT Trading_App/models/db1.py: 1
[2016-01-14 17:09:16] EDIT Trading_App/views/default/index.html: 0
[2016-01-14 17:10:24] EDIT Trading_App/views/default/index.html: 0
[2016-01-14 17:20:00] EDIT Trading_App/views/default/index.html: 0
[2016-01-14 17:20:12] EDIT Trading_App/views/default/index.html: 0
[2016-01-14 17:20:32] EDIT Trading_App/views/default/index.html: 0
[2016-01-14 17:21:07] EDIT Trading_App/models/db1.py: -1
[2016-01-14 17:21:11] EDIT Trading_App/models/db1.py: 0
[2016-01-14 17:21:57] EDIT Trading_App/models/db1.py: 0
[2016-01-14 17:22:29] EDIT Trading_App/views/default/index.html: 0
[2016-01-14 17:22:56] EDIT Trading_App/views/default/index.html: 0
[2016-01-14 17:24:51] EDIT Trading_App/views/default/index.html: 0
[2016-01-14 17:26:38] EDIT Trading_App/views/default/index.html: 0
[2016-01-14 17:27:02] EDIT Trading_App/views/default/index.html: 0
[2016-01-14 17:27:37] EDIT Trading_App/views/default/index.html: 0
